{"D:\\ISEL\\PI\\pi-2021-2-li51n-trab-p1-pi2021-2-li51n-g01\\trinkas-services.js": {"path":"D:\\ISEL\\PI\\pi-2021-2-li51n-trab-p1-pi2021-2-li51n-g01\\trinkas-services.js","statementMap":{"0":{"start":{"line":1,"column":15},"end":{"line":1,"column":41}},"1":{"start":{"line":3,"column":0},"end":{"line":112,"column":1}},"2":{"start":{"line":4,"column":4},"end":{"line":6,"column":5}},"3":{"start":{"line":5,"column":8},"end":{"line":5,"column":38}},"4":{"start":{"line":7,"column":4},"end":{"line":9,"column":5}},"5":{"start":{"line":8,"column":8},"end":{"line":8,"column":44}},"6":{"start":{"line":11,"column":4},"end":{"line":22,"column":5}},"7":{"start":{"line":25,"column":8},"end":{"line":28,"column":10}},"8":{"start":{"line":26,"column":12},"end":{"line":26,"column":35}},"9":{"start":{"line":26,"column":21},"end":{"line":26,"column":35}},"10":{"start":{"line":27,"column":12},"end":{"line":27,"column":36}},"11":{"start":{"line":32,"column":8},"end":{"line":35,"column":10}},"12":{"start":{"line":33,"column":12},"end":{"line":33,"column":35}},"13":{"start":{"line":33,"column":21},"end":{"line":33,"column":35}},"14":{"start":{"line":34,"column":12},"end":{"line":34,"column":36}},"15":{"start":{"line":39,"column":8},"end":{"line":42,"column":10}},"16":{"start":{"line":40,"column":12},"end":{"line":40,"column":35}},"17":{"start":{"line":40,"column":21},"end":{"line":40,"column":35}},"18":{"start":{"line":41,"column":12},"end":{"line":41,"column":34}},"19":{"start":{"line":46,"column":8},"end":{"line":49,"column":10}},"20":{"start":{"line":47,"column":12},"end":{"line":47,"column":35}},"21":{"start":{"line":47,"column":21},"end":{"line":47,"column":35}},"22":{"start":{"line":48,"column":12},"end":{"line":48,"column":34}},"23":{"start":{"line":53,"column":8},"end":{"line":56,"column":10}},"24":{"start":{"line":54,"column":12},"end":{"line":54,"column":35}},"25":{"start":{"line":54,"column":21},"end":{"line":54,"column":35}},"26":{"start":{"line":55,"column":12},"end":{"line":55,"column":35}},"27":{"start":{"line":60,"column":8},"end":{"line":63,"column":10}},"28":{"start":{"line":61,"column":12},"end":{"line":61,"column":35}},"29":{"start":{"line":61,"column":21},"end":{"line":61,"column":35}},"30":{"start":{"line":62,"column":12},"end":{"line":62,"column":35}},"31":{"start":{"line":67,"column":8},"end":{"line":70,"column":10}},"32":{"start":{"line":68,"column":12},"end":{"line":68,"column":35}},"33":{"start":{"line":68,"column":21},"end":{"line":68,"column":35}},"34":{"start":{"line":69,"column":12},"end":{"line":69,"column":34}},"35":{"start":{"line":74,"column":8},"end":{"line":89,"column":10}},"36":{"start":{"line":75,"column":12},"end":{"line":75,"column":35}},"37":{"start":{"line":75,"column":21},"end":{"line":75,"column":35}},"38":{"start":{"line":77,"column":26},"end":{"line":77,"column":64}},"39":{"start":{"line":78,"column":12},"end":{"line":78,"column":82}},"40":{"start":{"line":78,"column":23},"end":{"line":78,"column":82}},"41":{"start":{"line":81,"column":12},"end":{"line":88,"column":14}},"42":{"start":{"line":82,"column":16},"end":{"line":82,"column":39}},"43":{"start":{"line":82,"column":25},"end":{"line":82,"column":39}},"44":{"start":{"line":84,"column":16},"end":{"line":87,"column":18}},"45":{"start":{"line":85,"column":20},"end":{"line":85,"column":43}},"46":{"start":{"line":85,"column":29},"end":{"line":85,"column":43}},"47":{"start":{"line":86,"column":20},"end":{"line":86,"column":42}},"48":{"start":{"line":93,"column":8},"end":{"line":96,"column":10}},"49":{"start":{"line":94,"column":12},"end":{"line":94,"column":35}},"50":{"start":{"line":94,"column":21},"end":{"line":94,"column":35}},"51":{"start":{"line":95,"column":12},"end":{"line":95,"column":34}},"52":{"start":{"line":100,"column":8},"end":{"line":103,"column":10}},"53":{"start":{"line":101,"column":12},"end":{"line":101,"column":35}},"54":{"start":{"line":101,"column":21},"end":{"line":101,"column":35}},"55":{"start":{"line":102,"column":12},"end":{"line":102,"column":36}},"56":{"start":{"line":107,"column":8},"end":{"line":109,"column":27}},"57":{"start":{"line":107,"column":21},"end":{"line":107,"column":22}},"58":{"start":{"line":108,"column":12},"end":{"line":109,"column":27}},"59":{"start":{"line":109,"column":16},"end":{"line":109,"column":27}},"60":{"start":{"line":110,"column":8},"end":{"line":110,"column":20}}},"fnMap":{"0":{"name":"(anonymous_0)","decl":{"start":{"line":3,"column":17},"end":{"line":3,"column":18}},"loc":{"start":{"line":3,"column":51},"end":{"line":112,"column":1}},"line":3},"1":{"name":"getPopular","decl":{"start":{"line":24,"column":13},"end":{"line":24,"column":23}},"loc":{"start":{"line":24,"column":28},"end":{"line":29,"column":5}},"line":24},"2":{"name":"(anonymous_2)","decl":{"start":{"line":25,"column":33},"end":{"line":25,"column":34}},"loc":{"start":{"line":25,"column":51},"end":{"line":28,"column":9}},"line":25},"3":{"name":"searchByName","decl":{"start":{"line":31,"column":13},"end":{"line":31,"column":25}},"loc":{"start":{"line":31,"column":36},"end":{"line":36,"column":5}},"line":31},"4":{"name":"(anonymous_4)","decl":{"start":{"line":32,"column":41},"end":{"line":32,"column":42}},"loc":{"start":{"line":32,"column":59},"end":{"line":35,"column":9}},"line":32},"5":{"name":"createGroup","decl":{"start":{"line":38,"column":13},"end":{"line":38,"column":24}},"loc":{"start":{"line":38,"column":58},"end":{"line":43,"column":5}},"line":38},"6":{"name":"(anonymous_6)","decl":{"start":{"line":39,"column":57},"end":{"line":39,"column":58}},"loc":{"start":{"line":39,"column":73},"end":{"line":42,"column":9}},"line":39},"7":{"name":"editGroup","decl":{"start":{"line":45,"column":13},"end":{"line":45,"column":22}},"loc":{"start":{"line":45,"column":65},"end":{"line":50,"column":5}},"line":45},"8":{"name":"(anonymous_8)","decl":{"start":{"line":46,"column":64},"end":{"line":46,"column":65}},"loc":{"start":{"line":46,"column":80},"end":{"line":49,"column":9}},"line":46},"9":{"name":"deleteGroup","decl":{"start":{"line":52,"column":13},"end":{"line":52,"column":24}},"loc":{"start":{"line":52,"column":38},"end":{"line":57,"column":5}},"line":52},"10":{"name":"(anonymous_10)","decl":{"start":{"line":53,"column":37},"end":{"line":53,"column":38}},"loc":{"start":{"line":53,"column":54},"end":{"line":56,"column":9}},"line":53},"11":{"name":"listGroups","decl":{"start":{"line":59,"column":13},"end":{"line":59,"column":23}},"loc":{"start":{"line":59,"column":28},"end":{"line":64,"column":5}},"line":59},"12":{"name":"(anonymous_12)","decl":{"start":{"line":60,"column":27},"end":{"line":60,"column":28}},"loc":{"start":{"line":60,"column":44},"end":{"line":63,"column":9}},"line":60},"13":{"name":"getGroup","decl":{"start":{"line":66,"column":13},"end":{"line":66,"column":21}},"loc":{"start":{"line":66,"column":35},"end":{"line":71,"column":5}},"line":66},"14":{"name":"(anonymous_14)","decl":{"start":{"line":67,"column":34},"end":{"line":67,"column":35}},"loc":{"start":{"line":67,"column":50},"end":{"line":70,"column":9}},"line":67},"15":{"name":"addRecipe","decl":{"start":{"line":73,"column":13},"end":{"line":73,"column":22}},"loc":{"start":{"line":73,"column":46},"end":{"line":90,"column":5}},"line":73},"16":{"name":"(anonymous_16)","decl":{"start":{"line":74,"column":26},"end":{"line":74,"column":27}},"loc":{"start":{"line":74,"column":42},"end":{"line":89,"column":9}},"line":74},"17":{"name":"(anonymous_17)","decl":{"start":{"line":81,"column":52},"end":{"line":81,"column":53}},"loc":{"start":{"line":81,"column":69},"end":{"line":88,"column":13}},"line":81},"18":{"name":"(anonymous_18)","decl":{"start":{"line":84,"column":51},"end":{"line":84,"column":52}},"loc":{"start":{"line":84,"column":67},"end":{"line":87,"column":17}},"line":84},"19":{"name":"removeRecipe","decl":{"start":{"line":92,"column":13},"end":{"line":92,"column":25}},"loc":{"start":{"line":92,"column":49},"end":{"line":97,"column":5}},"line":92},"20":{"name":"(anonymous_20)","decl":{"start":{"line":93,"column":48},"end":{"line":93,"column":49}},"loc":{"start":{"line":93,"column":64},"end":{"line":96,"column":9}},"line":93},"21":{"name":"getRecipesByAverage","decl":{"start":{"line":99,"column":13},"end":{"line":99,"column":32}},"loc":{"start":{"line":99,"column":56},"end":{"line":104,"column":5}},"line":99},"22":{"name":"(anonymous_22)","decl":{"start":{"line":100,"column":55},"end":{"line":100,"column":56}},"loc":{"start":{"line":100,"column":73},"end":{"line":103,"column":9}},"line":100},"23":{"name":"searchRecipes","decl":{"start":{"line":106,"column":13},"end":{"line":106,"column":26}},"loc":{"start":{"line":106,"column":46},"end":{"line":111,"column":5}},"line":106}},"branchMap":{"0":{"loc":{"start":{"line":4,"column":4},"end":{"line":6,"column":5}},"type":"if","locations":[{"start":{"line":4,"column":4},"end":{"line":6,"column":5}},{"start":{"line":4,"column":4},"end":{"line":6,"column":5}}],"line":4},"1":{"loc":{"start":{"line":7,"column":4},"end":{"line":9,"column":5}},"type":"if","locations":[{"start":{"line":7,"column":4},"end":{"line":9,"column":5}},{"start":{"line":7,"column":4},"end":{"line":9,"column":5}}],"line":7},"2":{"loc":{"start":{"line":26,"column":12},"end":{"line":26,"column":35}},"type":"if","locations":[{"start":{"line":26,"column":12},"end":{"line":26,"column":35}},{"start":{"line":26,"column":12},"end":{"line":26,"column":35}}],"line":26},"3":{"loc":{"start":{"line":33,"column":12},"end":{"line":33,"column":35}},"type":"if","locations":[{"start":{"line":33,"column":12},"end":{"line":33,"column":35}},{"start":{"line":33,"column":12},"end":{"line":33,"column":35}}],"line":33},"4":{"loc":{"start":{"line":40,"column":12},"end":{"line":40,"column":35}},"type":"if","locations":[{"start":{"line":40,"column":12},"end":{"line":40,"column":35}},{"start":{"line":40,"column":12},"end":{"line":40,"column":35}}],"line":40},"5":{"loc":{"start":{"line":47,"column":12},"end":{"line":47,"column":35}},"type":"if","locations":[{"start":{"line":47,"column":12},"end":{"line":47,"column":35}},{"start":{"line":47,"column":12},"end":{"line":47,"column":35}}],"line":47},"6":{"loc":{"start":{"line":54,"column":12},"end":{"line":54,"column":35}},"type":"if","locations":[{"start":{"line":54,"column":12},"end":{"line":54,"column":35}},{"start":{"line":54,"column":12},"end":{"line":54,"column":35}}],"line":54},"7":{"loc":{"start":{"line":61,"column":12},"end":{"line":61,"column":35}},"type":"if","locations":[{"start":{"line":61,"column":12},"end":{"line":61,"column":35}},{"start":{"line":61,"column":12},"end":{"line":61,"column":35}}],"line":61},"8":{"loc":{"start":{"line":68,"column":12},"end":{"line":68,"column":35}},"type":"if","locations":[{"start":{"line":68,"column":12},"end":{"line":68,"column":35}},{"start":{"line":68,"column":12},"end":{"line":68,"column":35}}],"line":68},"9":{"loc":{"start":{"line":75,"column":12},"end":{"line":75,"column":35}},"type":"if","locations":[{"start":{"line":75,"column":12},"end":{"line":75,"column":35}},{"start":{"line":75,"column":12},"end":{"line":75,"column":35}}],"line":75},"10":{"loc":{"start":{"line":78,"column":12},"end":{"line":78,"column":82}},"type":"if","locations":[{"start":{"line":78,"column":12},"end":{"line":78,"column":82}},{"start":{"line":78,"column":12},"end":{"line":78,"column":82}}],"line":78},"11":{"loc":{"start":{"line":82,"column":16},"end":{"line":82,"column":39}},"type":"if","locations":[{"start":{"line":82,"column":16},"end":{"line":82,"column":39}},{"start":{"line":82,"column":16},"end":{"line":82,"column":39}}],"line":82},"12":{"loc":{"start":{"line":85,"column":20},"end":{"line":85,"column":43}},"type":"if","locations":[{"start":{"line":85,"column":20},"end":{"line":85,"column":43}},{"start":{"line":85,"column":20},"end":{"line":85,"column":43}}],"line":85},"13":{"loc":{"start":{"line":94,"column":12},"end":{"line":94,"column":35}},"type":"if","locations":[{"start":{"line":94,"column":12},"end":{"line":94,"column":35}},{"start":{"line":94,"column":12},"end":{"line":94,"column":35}}],"line":94},"14":{"loc":{"start":{"line":101,"column":12},"end":{"line":101,"column":35}},"type":"if","locations":[{"start":{"line":101,"column":12},"end":{"line":101,"column":35}},{"start":{"line":101,"column":12},"end":{"line":101,"column":35}}],"line":101},"15":{"loc":{"start":{"line":108,"column":12},"end":{"line":109,"column":27}},"type":"if","locations":[{"start":{"line":108,"column":12},"end":{"line":109,"column":27}},{"start":{"line":108,"column":12},"end":{"line":109,"column":27}}],"line":108}},"s":{"0":1,"1":1,"2":1,"3":0,"4":1,"5":0,"6":1,"7":1,"8":1,"9":0,"10":1,"11":1,"12":1,"13":0,"14":1,"15":1,"16":1,"17":0,"18":1,"19":1,"20":1,"21":0,"22":1,"23":1,"24":1,"25":0,"26":1,"27":1,"28":1,"29":0,"30":1,"31":2,"32":2,"33":0,"34":2,"35":1,"36":1,"37":0,"38":1,"39":1,"40":0,"41":1,"42":1,"43":0,"44":1,"45":1,"46":0,"47":1,"48":1,"49":1,"50":0,"51":1,"52":1,"53":1,"54":0,"55":1,"56":1,"57":1,"58":0,"59":0,"60":1},"f":{"0":1,"1":1,"2":1,"3":1,"4":1,"5":1,"6":1,"7":1,"8":1,"9":1,"10":1,"11":1,"12":1,"13":2,"14":2,"15":1,"16":1,"17":1,"18":1,"19":1,"20":1,"21":1,"22":1,"23":1},"b":{"0":[0,1],"1":[0,1],"2":[0,1],"3":[0,1],"4":[0,1],"5":[0,1],"6":[0,1],"7":[0,1],"8":[0,2],"9":[0,1],"10":[0,1],"11":[0,1],"12":[0,1],"13":[0,1],"14":[0,1],"15":[0,0]},"_coverageSchema":"1a1c01bbd47fc00a2c39e90264f33305004495a9","hash":"2ada30263b780d8288bdfd90e8a5d47a3778e554"}
,"D:\\ISEL\\PI\\pi-2021-2-li51n-trab-p1-pi2021-2-li51n-g01\\errors\\errors.js": {"path":"D:\\ISEL\\PI\\pi-2021-2-li51n-trab-p1-pi2021-2-li51n-g01\\errors\\errors.js","statementMap":{"0":{"start":{"line":1,"column":0},"end":{"line":8,"column":1}},"1":{"start":{"line":11,"column":4},"end":{"line":14,"column":5}},"2":{"start":{"line":18,"column":4},"end":{"line":21,"column":5}},"3":{"start":{"line":25,"column":4},"end":{"line":28,"column":5}},"4":{"start":{"line":32,"column":4},"end":{"line":35,"column":5}},"5":{"start":{"line":39,"column":4},"end":{"line":42,"column":5}},"6":{"start":{"line":46,"column":4},"end":{"line":49,"column":5}}},"fnMap":{"0":{"name":"badRequest","decl":{"start":{"line":10,"column":9},"end":{"line":10,"column":19}},"loc":{"start":{"line":10,"column":22},"end":{"line":15,"column":1}},"line":10},"1":{"name":"badGroupID","decl":{"start":{"line":17,"column":9},"end":{"line":17,"column":19}},"loc":{"start":{"line":17,"column":24},"end":{"line":22,"column":1}},"line":17},"2":{"name":"badRecipeID","decl":{"start":{"line":24,"column":9},"end":{"line":24,"column":20}},"loc":{"start":{"line":24,"column":25},"end":{"line":29,"column":1}},"line":24},"3":{"name":"groupNotFound","decl":{"start":{"line":31,"column":9},"end":{"line":31,"column":22}},"loc":{"start":{"line":31,"column":27},"end":{"line":36,"column":1}},"line":31},"4":{"name":"recipeNotFound","decl":{"start":{"line":38,"column":9},"end":{"line":38,"column":23}},"loc":{"start":{"line":38,"column":28},"end":{"line":43,"column":1}},"line":38},"5":{"name":"duplicateRecipe","decl":{"start":{"line":45,"column":9},"end":{"line":45,"column":24}},"loc":{"start":{"line":45,"column":44},"end":{"line":50,"column":1}},"line":45}},"branchMap":{},"s":{"0":1,"1":0,"2":0,"3":0,"4":0,"5":0,"6":0},"f":{"0":0,"1":0,"2":0,"3":0,"4":0,"5":0},"b":{},"_coverageSchema":"1a1c01bbd47fc00a2c39e90264f33305004495a9","hash":"f3c6a85326dff6209bc82195413465a48c8d2ea8"}
}
