TN:
SF:trinkas-services.js
FN:3,(anonymous_0)
FN:24,getPopular
FN:25,(anonymous_2)
FN:31,searchByName
FN:32,(anonymous_4)
FN:38,createGroup
FN:39,(anonymous_6)
FN:45,editGroup
FN:46,(anonymous_8)
FN:52,deleteGroup
FN:53,(anonymous_10)
FN:59,listGroups
FN:60,(anonymous_12)
FN:66,getGroup
FN:67,(anonymous_14)
FN:73,addRecipe
FN:74,(anonymous_16)
FN:81,(anonymous_17)
FN:84,(anonymous_18)
FN:92,removeRecipe
FN:93,(anonymous_20)
FN:99,getRecipesByAverage
FN:100,(anonymous_22)
FN:106,searchRecipes
FNF:24
FNH:24
FNDA:1,(anonymous_0)
FNDA:1,getPopular
FNDA:1,(anonymous_2)
FNDA:1,searchByName
FNDA:1,(anonymous_4)
FNDA:1,createGroup
FNDA:1,(anonymous_6)
FNDA:1,editGroup
FNDA:1,(anonymous_8)
FNDA:1,deleteGroup
FNDA:1,(anonymous_10)
FNDA:1,listGroups
FNDA:1,(anonymous_12)
FNDA:2,getGroup
FNDA:2,(anonymous_14)
FNDA:1,addRecipe
FNDA:1,(anonymous_16)
FNDA:1,(anonymous_17)
FNDA:1,(anonymous_18)
FNDA:1,removeRecipe
FNDA:1,(anonymous_20)
FNDA:1,getRecipesByAverage
FNDA:1,(anonymous_22)
FNDA:1,searchRecipes
DA:1,1
DA:3,1
DA:4,1
DA:5,0
DA:7,1
DA:8,0
DA:11,1
DA:25,1
DA:26,1
DA:27,1
DA:32,1
DA:33,1
DA:34,1
DA:39,1
DA:40,1
DA:41,1
DA:46,1
DA:47,1
DA:48,1
DA:53,1
DA:54,1
DA:55,1
DA:60,1
DA:61,1
DA:62,1
DA:67,2
DA:68,2
DA:69,2
DA:74,1
DA:75,1
DA:77,1
DA:78,1
DA:81,1
DA:82,1
DA:84,1
DA:85,1
DA:86,1
DA:93,1
DA:94,1
DA:95,1
DA:100,1
DA:101,1
DA:102,1
DA:107,1
DA:108,0
DA:109,0
DA:110,1
LF:47
LH:43
BRDA:4,0,0,0
BRDA:4,0,1,1
BRDA:7,1,0,0
BRDA:7,1,1,1
BRDA:26,2,0,0
BRDA:26,2,1,1
BRDA:33,3,0,0
BRDA:33,3,1,1
BRDA:40,4,0,0
BRDA:40,4,1,1
BRDA:47,5,0,0
BRDA:47,5,1,1
BRDA:54,6,0,0
BRDA:54,6,1,1
BRDA:61,7,0,0
BRDA:61,7,1,1
BRDA:68,8,0,0
BRDA:68,8,1,2
BRDA:75,9,0,0
BRDA:75,9,1,1
BRDA:78,10,0,0
BRDA:78,10,1,1
BRDA:82,11,0,0
BRDA:82,11,1,1
BRDA:85,12,0,0
BRDA:85,12,1,1
BRDA:94,13,0,0
BRDA:94,13,1,1
BRDA:101,14,0,0
BRDA:101,14,1,1
BRDA:108,15,0,0
BRDA:108,15,1,0
BRF:32
BRH:15
end_of_record
TN:
SF:errors\errors.js
FN:10,badRequest
FN:17,badGroupID
FN:24,badRecipeID
FN:31,groupNotFound
FN:38,recipeNotFound
FN:45,duplicateRecipe
FNF:6
FNH:0
FNDA:0,badRequest
FNDA:0,badGroupID
FNDA:0,badRecipeID
FNDA:0,groupNotFound
FNDA:0,recipeNotFound
FNDA:0,duplicateRecipe
DA:1,1
DA:11,0
DA:18,0
DA:25,0
DA:32,0
DA:39,0
DA:46,0
LF:7
LH:1
BRF:0
BRH:0
end_of_record
